This is pdfTeX, Version 3.14159265-2.6-1.40.16 (TeX Live 2015/W32TeX) (preloaded format=pdflatex 2016.1.8)  30 MAR 2016 21:04
entering extended mode
 restricted \write18 enabled.
 %&-line parsing enabled.
**./bradley_homework24.tex
(./bradley_homework24.tex
LaTeX2e <2015/10/01> patch level 2
Babel <3.9m> and hyphenation patterns for 79 languages loaded.
(c:/texlive/2015/texmf-dist/tex/latex/base/article.cls
Document Class: article 2014/09/29 v1.4h Standard LaTeX document class
(c:/texlive/2015/texmf-dist/tex/latex/base/size11.clo
File: size11.clo 2014/09/29 v1.4h Standard LaTeX file (size option)
)
\c@part=\count79
\c@section=\count80
\c@subsection=\count81
\c@subsubsection=\count82
\c@paragraph=\count83
\c@subparagraph=\count84
\c@figure=\count85
\c@table=\count86
\abovecaptionskip=\skip41
\belowcaptionskip=\skip42
\bibindent=\dimen102
)
(./bradley_homework24.aux)
\openout1 = `bradley_homework24.aux'.

LaTeX Font Info:    Checking defaults for OML/cmm/m/it on input line 3.
LaTeX Font Info:    ... okay on input line 3.
LaTeX Font Info:    Checking defaults for T1/cmr/m/n on input line 3.
LaTeX Font Info:    ... okay on input line 3.
LaTeX Font Info:    Checking defaults for OT1/cmr/m/n on input line 3.
LaTeX Font Info:    ... okay on input line 3.
LaTeX Font Info:    Checking defaults for OMS/cmsy/m/n on input line 3.
LaTeX Font Info:    ... okay on input line 3.
LaTeX Font Info:    Checking defaults for OMX/cmex/m/n on input line 3.
LaTeX Font Info:    ... okay on input line 3.
LaTeX Font Info:    Checking defaults for U/cmr/m/n on input line 3.
LaTeX Font Info:    ... okay on input line 3.
LaTeX Font Info:    External font `cmex10' loaded for size
(Font)              <12> on input line 7.
LaTeX Font Info:    External font `cmex10' loaded for size
(Font)              <8> on input line 7.
LaTeX Font Info:    External font `cmex10' loaded for size
(Font)              <6> on input line 7.
LaTeX Font Info:    External font `cmex10' loaded for size
(Font)              <10.95> on input line 11.

Overfull \hbox (82.64896pt too wide) in paragraph at lines 78--78
[]\OT1/cmtt/m/n/10.95 #########################################################
####################[] 
 []


Overfull \hbox (82.64896pt too wide) in paragraph at lines 78--78
[]\OT1/cmtt/m/n/10.95 #########################################################
####################[] 
 []


Overfull \hbox (76.90027pt too wide) in paragraph at lines 78--78
[]\OT1/cmtt/m/n/10.95 #Checks to see if the sum of two elements of list a and b
 is in list c, then[] 
 []

[1

{c:/texlive/2015/texmf-var/fonts/map/pdftex/updmap/pdftex.map}]
Overfull \hbox (82.64896pt too wide) in paragraph at lines 78--78
[]\OT1/cmtt/m/n/10.95 #########################################################
####################[] 
 []


Overfull \hbox (82.64896pt too wide) in paragraph at lines 78--78
[]\OT1/cmtt/m/n/10.95 #########################################################
####################[] 
 []


Overfull \hbox (48.15683pt too wide) in paragraph at lines 78--78
[]\OT1/cmtt/m/n/10.95 #creates a longer list of pentagonal numbers for comparis
on beyond n=50[] 
 []

[2] [3] (./bradley_homework24.aux) ) 
Here is how much of TeX's memory you used:
 233 strings out of 493054
 2614 string characters out of 6138322
 57374 words of memory out of 5000000
 3831 multiletter control sequences out of 15000+600000
 8364 words of font info for 30 fonts, out of 8000000 for 9000
 1141 hyphenation exceptions out of 8191
 21i,6n,19p,485b,248s stack positions out of 5000i,500n,10000p,200000b,80000s
<c:/texlive/2015/texmf-dist/fonts/type1/pub
lic/amsfonts/cm/cmbx12.pfb><c:/texlive/2015/texmf-dist/fonts/type1/public/amsfo
nts/cm/cmmi10.pfb><c:/texlive/2015/texmf-dist/fonts/type1/public/amsfonts/cm/cm
r10.pfb><c:/texlive/2015/texmf-dist/fonts/type1/public/amsfonts/cm/cmr12.pfb><c
:/texlive/2015/texmf-dist/fonts/type1/public/amsfonts/cm/cmr17.pfb><c:/texlive/
2015/texmf-dist/fonts/type1/public/amsfonts/cm/cmsy10.pfb><c:/texlive/2015/texm
f-dist/fonts/type1/public/amsfonts/cm/cmtt10.pfb>
Output written on bradley_homework24.pdf (3 pages, 77337 bytes).
PDF statistics:
 42 PDF objects out of 1000 (max. 8388607)
 29 compressed objects within 1 object stream
 0 named destinations out of 1000 (max. 500000)
 1 words of extra memory for PDF output out of 10000 (max. 10000000)

