This is pdfTeX, Version 3.14159265-2.6-1.40.16 (TeX Live 2015/W32TeX) (preloaded format=pdflatex 2016.1.8)  22 MAR 2016 15:45
entering extended mode
 restricted \write18 enabled.
 %&-line parsing enabled.
**./bradley_homework17.tex
(./bradley_homework17.tex
LaTeX2e <2015/10/01> patch level 2
Babel <3.9m> and hyphenation patterns for 79 languages loaded.
(c:/texlive/2015/texmf-dist/tex/latex/base/article.cls
Document Class: article 2014/09/29 v1.4h Standard LaTeX document class
(c:/texlive/2015/texmf-dist/tex/latex/base/size11.clo
File: size11.clo 2014/09/29 v1.4h Standard LaTeX file (size option)
)
\c@part=\count79
\c@section=\count80
\c@subsection=\count81
\c@subsubsection=\count82
\c@paragraph=\count83
\c@subparagraph=\count84
\c@figure=\count85
\c@table=\count86
\abovecaptionskip=\skip41
\belowcaptionskip=\skip42
\bibindent=\dimen102
)
(c:/texlive/2015/texmf-dist/tex/latex/graphics/graphicx.sty
Package: graphicx 2014/10/28 v1.0g Enhanced LaTeX Graphics (DPC,SPQR)

(c:/texlive/2015/texmf-dist/tex/latex/graphics/keyval.sty
Package: keyval 2014/10/28 v1.15 key=value parser (DPC)
\KV@toks@=\toks14
)
(c:/texlive/2015/texmf-dist/tex/latex/graphics/graphics.sty
Package: graphics 2014/10/28 v1.0p Standard LaTeX Graphics (DPC,SPQR)

(c:/texlive/2015/texmf-dist/tex/latex/graphics/trig.sty
Package: trig 1999/03/16 v1.09 sin cos tan (DPC)
)
(c:/texlive/2015/texmf-dist/tex/latex/latexconfig/graphics.cfg
File: graphics.cfg 2010/04/23 v1.9 graphics configuration of TeX Live
)
Package graphics Info: Driver file: pdftex.def on input line 94.

(c:/texlive/2015/texmf-dist/tex/latex/pdftex-def/pdftex.def
File: pdftex.def 2011/05/27 v0.06d Graphics/color for pdfTeX

(c:/texlive/2015/texmf-dist/tex/generic/oberdiek/infwarerr.sty
Package: infwarerr 2010/04/08 v1.3 Providing info/warning/error messages (HO)
)
(c:/texlive/2015/texmf-dist/tex/generic/oberdiek/ltxcmds.sty
Package: ltxcmds 2011/11/09 v1.22 LaTeX kernel commands for general use (HO)
)
\Gread@gobject=\count87
))
\Gin@req@height=\dimen103
\Gin@req@width=\dimen104
)
No file bradley_homework17.aux.
\openout1 = `bradley_homework17.aux'.

LaTeX Font Info:    Checking defaults for OML/cmm/m/it on input line 4.
LaTeX Font Info:    ... okay on input line 4.
LaTeX Font Info:    Checking defaults for T1/cmr/m/n on input line 4.
LaTeX Font Info:    ... okay on input line 4.
LaTeX Font Info:    Checking defaults for OT1/cmr/m/n on input line 4.
LaTeX Font Info:    ... okay on input line 4.
LaTeX Font Info:    Checking defaults for OMS/cmsy/m/n on input line 4.
LaTeX Font Info:    ... okay on input line 4.
LaTeX Font Info:    Checking defaults for OMX/cmex/m/n on input line 4.
LaTeX Font Info:    ... okay on input line 4.
LaTeX Font Info:    Checking defaults for U/cmr/m/n on input line 4.
LaTeX Font Info:    ... okay on input line 4.
(c:/texlive/2015/texmf-dist/tex/context/base/supp-pdf.mkii
[Loading MPS to PDF converter (version 2006.09.02).]
\scratchcounter=\count88
\scratchdimen=\dimen105
\scratchbox=\box26
\nofMPsegments=\count89
\nofMParguments=\count90
\everyMPshowfont=\toks15
\MPscratchCnt=\count91
\MPscratchDim=\dimen106
\MPnumerator=\count92
\makeMPintoPDFobject=\count93
\everyMPtoPDFconversion=\toks16
) (c:/texlive/2015/texmf-dist/tex/generic/oberdiek/pdftexcmds.sty
Package: pdftexcmds 2011/11/29 v0.20 Utility functions of pdfTeX for LuaTeX (HO
)

(c:/texlive/2015/texmf-dist/tex/generic/oberdiek/ifluatex.sty
Package: ifluatex 2010/03/01 v1.3 Provides the ifluatex switch (HO)
Package ifluatex Info: LuaTeX not detected.
)
(c:/texlive/2015/texmf-dist/tex/generic/oberdiek/ifpdf.sty
Package: ifpdf 2011/01/30 v2.3 Provides the ifpdf switch (HO)
Package ifpdf Info: pdfTeX in PDF mode is detected.
)
Package pdftexcmds Info: LuaTeX not detected.
Package pdftexcmds Info: \pdf@primitive is available.
Package pdftexcmds Info: \pdf@ifprimitive is available.
Package pdftexcmds Info: \pdfdraftmode found.
)
(c:/texlive/2015/texmf-dist/tex/latex/oberdiek/epstopdf-base.sty
Package: epstopdf-base 2010/02/09 v2.5 Base part for package epstopdf

(c:/texlive/2015/texmf-dist/tex/latex/oberdiek/grfext.sty
Package: grfext 2010/08/19 v1.1 Manage graphics extensions (HO)

(c:/texlive/2015/texmf-dist/tex/generic/oberdiek/kvdefinekeys.sty
Package: kvdefinekeys 2011/04/07 v1.3 Define keys (HO)
))
(c:/texlive/2015/texmf-dist/tex/latex/oberdiek/kvoptions.sty
Package: kvoptions 2011/06/30 v3.11 Key value format for package options (HO)

(c:/texlive/2015/texmf-dist/tex/generic/oberdiek/kvsetkeys.sty
Package: kvsetkeys 2012/04/25 v1.16 Key value parser (HO)

(c:/texlive/2015/texmf-dist/tex/generic/oberdiek/etexcmds.sty
Package: etexcmds 2011/02/16 v1.5 Avoid name clashes with e-TeX commands (HO)
Package etexcmds Info: Could not find \expanded.
(etexcmds)             That can mean that you are not using pdfTeX 1.50 or
(etexcmds)             that some package has redefined \expanded.
(etexcmds)             In the latter case, load this package earlier.
)))
Package grfext Info: Graphics extension search list:
(grfext)             [.png,.pdf,.jpg,.mps,.jpeg,.jbig2,.jb2,.PNG,.PDF,.JPG,.JPE
G,.JBIG2,.JB2,.eps]
(grfext)             \AppendGraphicsExtensions on input line 452.

(c:/texlive/2015/texmf-dist/tex/latex/latexconfig/epstopdf-sys.cfg
File: epstopdf-sys.cfg 2010/07/13 v1.3 Configuration of (r)epstopdf for TeX Liv
e
))
LaTeX Font Info:    External font `cmex10' loaded for size
(Font)              <12> on input line 8.
LaTeX Font Info:    External font `cmex10' loaded for size
(Font)              <8> on input line 8.
LaTeX Font Info:    External font `cmex10' loaded for size
(Font)              <6> on input line 8.
LaTeX Font Info:    External font `cmex10' loaded for size
(Font)              <10.95> on input line 11.

<freefall.png, id=1, 578.16pt x 433.62pt>
File: freefall.png Graphic file (type png)
 <use freefall.png>
Package pdftex.def Info: freefall.png used on input line 15.
(pdftex.def)             Requested size: 289.07928pt x 216.80946pt.

Overfull \hbox (5.60887pt too wide) in paragraph at lines 20--21
\OT1/cmr/m/n/10.95 func-tion to de-ter-mine the am-pli-tude ($2\OML/cmm/m/it/10
.95 :\OT1/cmr/m/n/10.95 38$), fre-quency ($1\OML/cmm/m/it/10.95 :\OT1/cmr/m/n/1
0.95 43$), and phase($0\OML/cmm/m/it/10.95 :\OT1/cmr/m/n/10.95 52$). 
 []

<sincurve.png, id=3, 578.16pt x 433.62pt>
File: sincurve.png Graphic file (type png)
 <use sincurve.png>
Package pdftex.def Info: sincurve.png used on input line 24.
(pdftex.def)             Requested size: 289.07928pt x 216.80946pt.
 [1

{c:/texlive/2015/texmf-var/fonts/map/pdftex/updmap/pdftex.map} <./freefall.png>
]
Overfull \hbox (157.3819pt too wide) in paragraph at lines 128--128
[]\OT1/cmtt/m/n/10.95 os.chdir("C:/Users/Colt/OneDrive/Documents/Professional/S
chool/16spring/PY_251/Lesson 17")[] 
 []


Overfull \hbox (82.64896pt too wide) in paragraph at lines 128--128
[]\OT1/cmtt/m/n/10.95 #########################################################
####################[] 
 []


Overfull \hbox (82.64896pt too wide) in paragraph at lines 128--128
[]\OT1/cmtt/m/n/10.95 #########################################################
####################[] 
 []


Overfull \hbox (82.64896pt too wide) in paragraph at lines 128--128
[]\OT1/cmtt/m/n/10.95 #########################################################
####################[] 
 []

[2 <./sincurve.png>]
Overfull \hbox (82.64896pt too wide) in paragraph at lines 128--128
[]\OT1/cmtt/m/n/10.95 #########################################################
####################[] 
 []


Overfull \hbox (19.41339pt too wide) in paragraph at lines 128--128
[]\OT1/cmtt/m/n/10.95 X, Y = n.loadtxt("freefall.data", usecols = (0, 1), unpac
k = True)[] 
 []

[3]
Overfull \hbox (59.6542pt too wide) in paragraph at lines 128--128
[]\OT1/cmtt/m/n/10.95 print "Exercise 1: \nCalculated g: {:.2f} m/s\nPercent Er
ror: {:.1f}%\n"\[] 
 []


Overfull \hbox (82.64896pt too wide) in paragraph at lines 128--128
[]\OT1/cmtt/m/n/10.95 #########################################################
####################[] 
 []


Overfull \hbox (82.64896pt too wide) in paragraph at lines 128--128
[]\OT1/cmtt/m/n/10.95 #########################################################
####################[] 
 []


Overfull \hbox (53.90552pt too wide) in paragraph at lines 128--128
[]\OT1/cmtt/m/n/10.95 Xd, Yd = n.loadtxt("sincurvedata.data", usecols = (0, 1),
 unpack = True)[] 
 []


Overfull \hbox (59.6542pt too wide) in paragraph at lines 128--128
[]\OT1/cmtt/m/n/10.95 print "Exercise 2:\nAmplitute: {:.3f}\nFrequency: {:.3f}\
nPhase: {:.3f}"\[] 
 []

[4] (./bradley_homework17.aux) ) 
Here is how much of TeX's memory you used:
 1496 strings out of 493054
 21272 string characters out of 6138322
 80404 words of memory out of 5000000
 5029 multiletter control sequences out of 15000+600000
 8364 words of font info for 30 fonts, out of 8000000 for 9000
 1141 hyphenation exceptions out of 8191
 37i,6n,23p,356b,248s stack positions out of 5000i,500n,10000p,200000b,80000s
<c:/texlive/2015/texmf-dist/fonts/type1/public/
amsfonts/cm/cmbx12.pfb><c:/texlive/2015/texmf-dist/fonts/type1/public/amsfonts/
cm/cmmi10.pfb><c:/texlive/2015/texmf-dist/fonts/type1/public/amsfonts/cm/cmr10.
pfb><c:/texlive/2015/texmf-dist/fonts/type1/public/amsfonts/cm/cmr12.pfb><c:/te
xlive/2015/texmf-dist/fonts/type1/public/amsfonts/cm/cmr17.pfb><c:/texlive/2015
/texmf-dist/fonts/type1/public/amsfonts/cm/cmtt10.pfb>
Output written on bradley_homework17.pdf (4 pages, 124994 bytes).
PDF statistics:
 46 PDF objects out of 1000 (max. 8388607)
 29 compressed objects within 1 object stream
 0 named destinations out of 1000 (max. 500000)
 11 words of extra memory for PDF output out of 10000 (max. 10000000)

