This is pdfTeX, Version 3.14159265-2.6-1.40.16 (TeX Live 2015/W32TeX) (preloaded format=pdflatex 2016.1.8)  2 FEB 2016 21:00
entering extended mode
 restricted \write18 enabled.
 %&-line parsing enabled.
**./bradley_homework7.tex
(./bradley_homework7.tex
LaTeX2e <2015/10/01> patch level 2
Babel <3.9m> and hyphenation patterns for 79 languages loaded.
(c:/texlive/2015/texmf-dist/tex/latex/base/article.cls
Document Class: article 2014/09/29 v1.4h Standard LaTeX document class
(c:/texlive/2015/texmf-dist/tex/latex/base/size11.clo
File: size11.clo 2014/09/29 v1.4h Standard LaTeX file (size option)
)
\c@part=\count79
\c@section=\count80
\c@subsection=\count81
\c@subsubsection=\count82
\c@paragraph=\count83
\c@subparagraph=\count84
\c@figure=\count85
\c@table=\count86
\abovecaptionskip=\skip41
\belowcaptionskip=\skip42
\bibindent=\dimen102
)
(./bradley_homework7.aux)
\openout1 = `bradley_homework7.aux'.

LaTeX Font Info:    Checking defaults for OML/cmm/m/it on input line 3.
LaTeX Font Info:    ... okay on input line 3.
LaTeX Font Info:    Checking defaults for T1/cmr/m/n on input line 3.
LaTeX Font Info:    ... okay on input line 3.
LaTeX Font Info:    Checking defaults for OT1/cmr/m/n on input line 3.
LaTeX Font Info:    ... okay on input line 3.
LaTeX Font Info:    Checking defaults for OMS/cmsy/m/n on input line 3.
LaTeX Font Info:    ... okay on input line 3.
LaTeX Font Info:    Checking defaults for OMX/cmex/m/n on input line 3.
LaTeX Font Info:    ... okay on input line 3.
LaTeX Font Info:    Checking defaults for U/cmr/m/n on input line 3.
LaTeX Font Info:    ... okay on input line 3.
LaTeX Font Info:    External font `cmex10' loaded for size
(Font)              <12> on input line 8.
LaTeX Font Info:    External font `cmex10' loaded for size
(Font)              <8> on input line 8.
LaTeX Font Info:    External font `cmex10' loaded for size
(Font)              <6> on input line 8.

Overfull \hbox (7.91602pt too wide) in paragraph at lines 94--94
[]\OT1/cmtt/m/n/10.95 print "Welcome to the Casino! We've a special on the mart
ingale"[] 
 []


Overfull \hbox (7.91602pt too wide) in paragraph at lines 94--94
[]\OT1/cmtt/m/n/10.95 print "betting system, want to play? I see you have $20, 
buy in"[] 
 []


Overfull \hbox (65.4029pt too wide) in paragraph at lines 94--94
[]\OT1/cmtt/m/n/10.95 while ans != ("n" or "N" or "no" or "No" or "y" or "Y" or
 "yes" or "Yes"):[] 
 []

[1

{c:/texlive/2015/texmf-var/fonts/map/pdftex/updmap/pdftex.map}]
Overfull \hbox (71.15158pt too wide) in paragraph at lines 94--94
[]    \OT1/cmtt/m/n/10.95 ans = raw_input("Would you like to use default values
? Bet = $2, Goal =[] 
 []


Overfull \hbox (19.41339pt too wide) in paragraph at lines 94--94
[]        \OT1/cmtt/m/n/10.95 goal = raw_input("How much money would you like t
o win? ")[] 
 []


Overfull \hbox (59.6542pt too wide) in paragraph at lines 94--94
[]        \OT1/cmtt/m/n/10.95 bet1 = raw_input("What do you want as your starti
ng bet? ($2 min,[] 
 []


Overfull \hbox (36.65945pt too wide) in paragraph at lines 94--94
[]            \OT1/cmtt/m/n/10.95 print "you win {}, you have {} dollars".forma
t(bet,money)[] 
 []

[2]
Overfull \hbox (7.91602pt too wide) in paragraph at lines 94--94
[]        \OT1/cmtt/m/n/10.95 elif rand%2 ==1: #This is the cas tha tthe number
 is odd[] 
 []


Overfull \hbox (42.40814pt too wide) in paragraph at lines 94--94
[]            \OT1/cmtt/m/n/10.95 print "you lose {}, you have {} dollars".form
at(bet,money)[] 
 []


Overfull \hbox (30.91077pt too wide) in paragraph at lines 94--94
[]\OT1/cmtt/m/n/10.95 #when money is outside of selected values, we get results
 as follows[] 
 []


Overfull \hbox (13.6647pt too wide) in paragraph at lines 94--94
[]        \OT1/cmtt/m/n/10.95 print "You've lost everything after {} tries!".fo
rmat(it)[] 
 []


Overfull \hbox (53.90552pt too wide) in paragraph at lines 94--94
[]    \OT1/cmtt/m/n/10.95 print "Congrats! It took you {} tries, but now you ha
ve {} dollars!"[] 
 []

[3] (./bradley_homework7.aux) ) 
Here is how much of TeX's memory you used:
 230 strings out of 493054
 2551 string characters out of 6138322
 58374 words of memory out of 5000000
 3828 multiletter control sequences out of 15000+600000
 7748 words of font info for 28 fonts, out of 8000000 for 9000
 1141 hyphenation exceptions out of 8191
 21i,6n,19p,387b,246s stack positions out of 5000i,500n,10000p,200000b,80000s
<c:/texlive/2015/texmf-dist/fonts/type1/public/a
msfonts/cm/cmbx12.pfb><c:/texlive/2015/texmf-dist/fonts/type1/public/amsfonts/c
m/cmr10.pfb><c:/texlive/2015/texmf-dist/fonts/type1/public/amsfonts/cm/cmr12.pf
b><c:/texlive/2015/texmf-dist/fonts/type1/public/amsfonts/cm/cmr17.pfb><c:/texl
ive/2015/texmf-dist/fonts/type1/public/amsfonts/cm/cmtt10.pfb>
Output written on bradley_homework7.pdf (3 pages, 65729 bytes).
PDF statistics:
 34 PDF objects out of 1000 (max. 8388607)
 23 compressed objects within 1 object stream
 0 named destinations out of 1000 (max. 500000)
 1 words of extra memory for PDF output out of 10000 (max. 10000000)

