This is pdfTeX, Version 3.14159265-2.6-1.40.16 (TeX Live 2015/W32TeX) (preloaded format=pdflatex 2016.1.8)  27 JAN 2016 18:22
entering extended mode
 restricted \write18 enabled.
 %&-line parsing enabled.
**./bradley_homework5.tex
(./bradley_homework5.tex
LaTeX2e <2015/10/01> patch level 2
Babel <3.9m> and hyphenation patterns for 79 languages loaded.
(c:/texlive/2015/texmf-dist/tex/latex/base/article.cls
Document Class: article 2014/09/29 v1.4h Standard LaTeX document class
(c:/texlive/2015/texmf-dist/tex/latex/base/size11.clo
File: size11.clo 2014/09/29 v1.4h Standard LaTeX file (size option)
)
\c@part=\count79
\c@section=\count80
\c@subsection=\count81
\c@subsubsection=\count82
\c@paragraph=\count83
\c@subparagraph=\count84
\c@figure=\count85
\c@table=\count86
\abovecaptionskip=\skip41
\belowcaptionskip=\skip42
\bibindent=\dimen102
)
(./bradley_homework5.aux)
\openout1 = `bradley_homework5.aux'.

LaTeX Font Info:    Checking defaults for OML/cmm/m/it on input line 3.
LaTeX Font Info:    ... okay on input line 3.
LaTeX Font Info:    Checking defaults for T1/cmr/m/n on input line 3.
LaTeX Font Info:    ... okay on input line 3.
LaTeX Font Info:    Checking defaults for OT1/cmr/m/n on input line 3.
LaTeX Font Info:    ... okay on input line 3.
LaTeX Font Info:    Checking defaults for OMS/cmsy/m/n on input line 3.
LaTeX Font Info:    ... okay on input line 3.
LaTeX Font Info:    Checking defaults for OMX/cmex/m/n on input line 3.
LaTeX Font Info:    ... okay on input line 3.
LaTeX Font Info:    Checking defaults for U/cmr/m/n on input line 3.
LaTeX Font Info:    ... okay on input line 3.
LaTeX Font Info:    External font `cmex10' loaded for size
(Font)              <12> on input line 7.
LaTeX Font Info:    External font `cmex10' loaded for size
(Font)              <8> on input line 7.
LaTeX Font Info:    External font `cmex10' loaded for size
(Font)              <6> on input line 7.
 [1

{c:/texlive/2015/texmf-var/fonts/map/pdftex/updmap/pdftex.map}]
Overfull \hbox (105.6437pt too wide) in paragraph at lines 70--70
[]\OT1/cmtt/m/n/10.95 #first, we take care of special cases. 1, 2, and 3 are ca
ses that if we take care[] 
 []


Overfull \hbox (99.89502pt too wide) in paragraph at lines 70--70
[]\OT1/cmtt/m/n/10.95 #here's the bluk of the code. Basically, the first while 
loop runs through every[] 
 []


Overfull \hbox (111.3924pt too wide) in paragraph at lines 70--70
[]\OT1/cmtt/m/n/10.95 #number up to and including whatever inputted number. The
 second while loop checks[] 
 []


Overfull \hbox (82.64896pt too wide) in paragraph at lines 70--70
[]\OT1/cmtt/m/n/10.95 #what numbers divide that number and append it to a list.
 Remember that empty[] 
 []


Overfull \hbox (94.14633pt too wide) in paragraph at lines 70--70
[]\OT1/cmtt/m/n/10.95 #lists are false, so if the list is false then we append 
our test number to our[] 
 []


Overfull \hbox (94.14633pt too wide) in paragraph at lines 70--70
[]\OT1/cmtt/m/n/10.95 #prime list and iterate. If true, we just interate. at th
e end, we check if the[] 
 []


Overfull \hbox (82.64896pt too wide) in paragraph at lines 70--70
[]\OT1/cmtt/m/n/10.95 #final value of the list is equal to the inputted value, 
and if so we declare[] 
 []

[2]
Overfull \hbox (7.91602pt too wide) in paragraph at lines 70--70
[]        \OT1/cmtt/m/n/10.95 print "Congratulations! The number you chose was 
prime!"[] 
 []

[3] (./bradley_homework5.aux) ) 
Here is how much of TeX's memory you used:
 230 strings out of 493054
 2551 string characters out of 6138322
 58374 words of memory out of 5000000
 3828 multiletter control sequences out of 15000+600000
 7748 words of font info for 28 fonts, out of 8000000 for 9000
 1141 hyphenation exceptions out of 8191
 21i,6n,19p,676b,248s stack positions out of 5000i,500n,10000p,200000b,80000s
<c:/texlive/2015/texmf-dist/fonts/type1/public/a
msfonts/cm/cmbx12.pfb><c:/texlive/2015/texmf-dist/fonts/type1/public/amsfonts/c
m/cmr10.pfb><c:/texlive/2015/texmf-dist/fonts/type1/public/amsfonts/cm/cmr12.pf
b><c:/texlive/2015/texmf-dist/fonts/type1/public/amsfonts/cm/cmr17.pfb><c:/texl
ive/2015/texmf-dist/fonts/type1/public/amsfonts/cm/cmtt10.pfb>
Output written on bradley_homework5.pdf (3 pages, 66957 bytes).
PDF statistics:
 34 PDF objects out of 1000 (max. 8388607)
 23 compressed objects within 1 object stream
 0 named destinations out of 1000 (max. 500000)
 1 words of extra memory for PDF output out of 10000 (max. 10000000)

